2583415668
1772708144
1848524925
1187372398
2542079019
200741249
4065096581
14590578
4700930865
1401616696
2696925061
8232644667
6761336592
1513389080
6768612520
1477939504
1890781397
66183882
4224570700
3692648281
3997780729
518728138
2103319788
344130683
5221714067
630737413
3668742174
562440078
2643061570
1456538570
3183071534
1432959492
3498924788
1595280051
4014865184
3573693329
2705903646
378983746
4219343547
540006281
2013521239
1585282279
3070781434
1069834658
2448474585
766387861
3013118051
11632396
3573501916
4023590126
4328957250
2076503398
4730194224
6777616535
4043056090
1635490339
3320131892
879479176
4015511514
20233366
6810148584
2738878953
2502733990
283126299
2078319794
632458234
1945608538
1130352883
4743537556
1921112379
2034228333
2180654831
2396646306
1485038631
4265163632
51613385
2819550068
279140075
2152145482
4248484
3575866213
2817251346
1922819921
3881709707
3880987190
1328977423
4733768397
1559880435
2711163653
570970199
2540144841
3607666765
3086002859
4181242778
2294018480
72740832
2468155157
904345351
1809820669
18289874
1983328961
92722101
3371386134
24152668
2234657214
104173973
2826101136
3002291480
2109380218
380658330
4539303451
436566917
2659614657
469796302
6687518651
535041983
8169852163
2040561607
8328989045
2678043808
2083171322
7950691095
2223932166
3231268534
4763365036
1158428496
3621450065
3082359
3329957919
499492980
8315834771
758623516
4771616139
2490205690
3949591675
636438287
2213731304
194391814
2092553160
230563748
3266924113
4342034209
3663169856
1039703580
2056391355
1952812097
2385967128
1452181630
3642452100
60594712
4814080951
613113025
3343478263
4344989906
2096895231
202415670
2556043556
920128679
8254807025
1803013599
5470401565
788537175
2237116977
410336
3056965545
5190922589
4516850282
5302614167
2408670806
363217013
2567115959
2180697954
8506968582
529586133
3118618256
588251752
4111737239
69572154
4575242406
2449064024
3240831480
4587792501
3861349816
1136793463
3278205148
1284216142
3277573219
1892699248
3631842991
2424033275
2011607132
3944502726
5652744698
2436522350
1948753140
3477657451
2122896978
479025249
8533341088
423154253
2277196222
643380501
2240714946
1390935415
2928368346
3530747849
2495104175
2061088155
2510642293
6845669
2186869167
285477108
8496514707
460685994
1872456899
5194715499
3052178958
491266226
1997211060
1349320925
3025122811
776488794
2515071483
8573194270
2953829668
4634205042
2148340924
1002873613
2486116370
137462155
2185276785
1694917998
7043699138
252037974
2650683700
1573460316
2788872792
440644
5687843218
398526893
3989530738
1829061643
5701852322
246217187
4002832555
2879376447
2208912426
24258758
3700598147
258927444
2854114229
424934101
2706292177
766875042
3665134215
765685660
2750079617
6421208871
2101644554
837191268
2813538113
501959184
4645274113
74116758
4497530009
1647891246
2083316877
72909528
8570187368
16241175
2522202693
113364870
3078777326
706619133
2981583843
727095833
6951880083
5714748088
2327708613
4959296967
4426651805
2127370254
5472395683
2343663701
3599911709
3517392503
3172395598
2228142022
4011410833
5667321260
6937651208
2695709381
2569806910
1940322
2419122955
1271974036
2032705748
3616113606
3477625744
788555610
3608504242
1813766110
4284917227
364821042
1985480391
6953803334
3883367075
1115362750
8749650919
2488668129
6938316031
3362330492
2867074623
175604220
4419647025
926451596
2850792677
2986671183
3364126892
192447717
6885645140
4248452063
3124607936
52423303
2135427642
1810120469
2277975695
145440435
1932436655
3075342201
3757826585
1139931401
1987855421
2852421664
5650277235
1972793326
2237590836
1771614887
6748630264
2034393006
4448944768
995247859
2444367750
822486443
2395284093
1144605746
4091842318
97911832
3503118309
14636002
2078555762
2035121238
4774299532
978712435
2843010371
312963114
5305538171
1342471373
2576225935
551994750
2365783914
2708475025
8808746123
2280116271
2543059473
1245781858
5398583907
1325362016
2614355264
2327938466
4989750191
3392463774
2113363262
61385352
3707475631
13954211
3118664086
1247579721
4890938356
6874950707
3461489512
3148244796
3896293006
2733054883
4299958265
2198768216
6901359423
3022618072
3191146665
1214467804
5498463704
6430621451
5069421823
3943073157
2176115844
4144137196
2666816839
210126922
4875318804
1373709691
2746966256
4137888578
3166089173
1021412340
5532681480
218353755
3545600159
1618965850
6911673923
8459427478
2278839697
291294768
8722580479
3119326957
2615181441
214714486
2790132169
1496307030
3070528747
4143623916
2002560729
4349427300
2252934276
2836423438
2909640051
3859694489
2639492872
2928453805
1914380424
547363593
8722254682
110949267
5875914769
414733890
2548607518
865565912
3653385837
505896262
5460818500
6985759040
4003365206
658641995
2300847427
5857815861
3507725978
776836297
4614247396
250207106
8799513083
2506932804
2375263411
1657704621
5865942933
411088713
2180256838
2685800634
2931792526
5387989198
4407645331
6993463614
2816448734
511253042
5545771142
4230694639
8813479409
198735725
4238958000
238933775
8629465022
463243038
5823196578
1283416679
2382762296
261876116
2938970114
1599791602
3282304756
348741220
4752764798
1168605827
2329362672
21419026
3852073402
1553464848
2756062492
2193596449
5433177854
2137235505
2317359069
5705405933
3231479582
4658917966
2218729046
2583554226
3894828187
1117169445
2144823004
803137779
3120141520
4919222964
2547129527
6043477302
2346806286
4036832600
6948927361
6811604116
2533313683
69916511
2953901489
263718741
4405851154
682069913
3564611061
722908715
4705825670
1190621145
4938286601
2474211507
3738723232
2830326272
2955171496
4434457
2410937537
2257178843
3499742930
1888772873
2568857119
515179605
3382233385
4188299357
3264052937
9072791644
2562762932
2550198759
2795211529
3772857744
3064282540
1532863036
3090741050
4698186074
2125205353
4934877985
2380675836
4231869193
2220512543
1543262937
4967315637
3194101000
9184802655
1683163577
2859389618
5248524432
4768246568
1977786928
3247166144
2004599513
3236079856
2102917
2713692162
2004738197
6888688116
4472007843
4295375574
4770571987
2361624275
2325007224
2511523201
1904490562
2259288043
2322167670
3932700896
1731271527
4556091276
486461741
5677991262
404704667
5689369200
4552899986
2702439154
96991892
4788501988
436055854
4263972413
2087918494
3767305023
27504894
6015062924
619825431
2869239987
3183053039
4785058392
4577866283
2971387185
3438192449
5756304977
1000997110
2809924563
3089093962
2328765068
2396038293
4776500515
3185002984
2471580143
240503376
3339012513
680403795
2689827564
4199540721
3497253602
36611065
2410611686
1448425244
4744432404
508016397
3706254334
6859083974
2837642015
3266104851
5311192466
5242596857
4818651640
1660052639
2885078536
271406789
5777813031
5176872073
5584170272
4843106285
2435823173
406918730
2494097966
1279226153
7237342203
770229090
3604179587
2310762216
2782347475
331124306
4148806569
2423220423
5056464705
4316999664
3493135645
471400633
4618912997
1078255651
4055454228
2224873201
4079898439
3066238380
5692890555
845280179
4260406178
2045362666
2063526707
36318462
2316454038
65228825
2860310545
1579356896
2866547119
897932104
7264287568
1729293236
2384138793
15831377
2889813863
1500868687
2621145072
2518430383
9631089511
1458970809
2803629895
287549407
2310394024
577944805
2380825936
18597468
9631797243
3896856145
3261975813
770642263
2587450821
3291948024
2257128739
3134941805
2292104678
109529453
2730427158
2080866278
2398504378
1529900406
5341372170
742054624
5079532943
149979487
9520020803
19018929
3031268068
1895223825
2572527122
81684678
3734429271
3619425437
9515609319
118638955
2971194502
2281191166
2216387800
1783378787
3617605850
1775596979
4713819371
16384835
2928938880
3391867105
2579491290
354863664
2525406047
227401250
5678998602
291469842
3618315345
3606655457
2142066914
83165789
7276083946
377572544
2314138575
908369452
3376093179
1008188151
3315799784
343587188
2822039426
5166623065
2476979225
4020160998
2747362401
595729608
3541299342
5898427979
2291586882
1887514081
6242464000
2424243104
5711009226
9285503672
3268940191
2178238114
2923690138
1284096559
3573839508
10016272880
4755979478
1695543466
3697295993
29258832
7319034692
761180064
4172665019
35908847
5438346674
1468200296
2202193731
2039188277
4941124811
1260911595
7338441719
4972067558
3973974777
2511741106
2394068351
2328418619
3158039895
1860180111
7369346866
8432083
5692910783
5928231905
3544665252
183074643
2441581644
251944142
3339276273
3158254704
7367559015
345712127
2644491777
812257740
9916828520
93944429
2304298536
336039082
5908929795
42892835
3034186619
588780523
5339895151
3264465
5289032912
183990323
4776302665
3084560847
2957503630
1039522851
3337373189
1942739763
3021154194
4770554597
4360698996
2063509298
7343878130
2065809563
5391989935
1078384345
3510116253
1489629259
3831750850
1128748832
2730683120
1004293154
5923630913
2424733421
2780360727
1401375783
2131206684
339069474
6288995447
17165865
6306313891
147444214
3705429640
2130911451
4377116193
6826128237
2448544905
175946064
2359924919
6286801860
4001447722
1981216888
4367688835
2218539422
3428875540
1667614333
3356516449
1741927526
4592790678
1944899328
2261855964
1102925377
5855098820
563384569
3736699917
2996642927
10132942403
2689912998
6129782868
3260511131
2318820683
1904158930
2867245625
257090450
2504984423
1638443263
4015441798
446587829
2650029302
840567521
2425715060
3687575664
6346318858
73712719
3862062671
4911407614
4315845478
2996002669
3965004730
160195188
4330711889
320447747
2936228192
322584344
2444008114
6145315320
3337901217
991749993
2623104908
3752694780
3674703960
1139357931
2517549334
203317280
3567742360
5999247063
4525261836
7381722537
2608713891
7425245363
3256036314
3647691263
2634037910
945396880
4588241208
2440467642
3773858764
4418859113
4273469010
3906029508
2742414099
1910852484
4802422111
12872090
3233605760
3297069112
3169297547
463894684
2371736857
4782746283
2390140322
644202499
3376413404
137385240
3261932628
3015158663
4152962943
6929949263
3787298836
433149546
3450988586
5412779790
10109938365
3086706494
2309069078
538688460
3473335085
1371084662
4643713768
693337771
3396982978
6062977274
4635708464
5055847574
3020352643
2413686474
3318044197
1693545572
6435973138
342921426
3934555302
1390376190
3488388212
598559264
9958879623
2351128380
2561235989
2450308739
3672762253
3418542149
2611074570
5078386149
2818672987
805076035
2653960682
1618568710
5273228757
2734213731
2845775769
4380551572
5423824878
750081034
2282903936
4109429014
10158011602
1860290575
6101149459
12334368
7508401349
3701170441
2755201130
1162526369
5190367965
1439810197
3473057832
4353769135
4714508020
3573694381
3287069849
1075110428
3453825005
5260959682
3290663117
1197533106
6130848682
7568840
2552058644
1899860628
3196085318
336621921
2993260950
1717812516
3421638348
1017149878
5595087449
2775260
6455878586
5382128325
4625241786
135281917
5118776349
908021213
3858417612
838745541
2557751755
885024311
2359054122
406180315
3010606520
1532558308
5066145736
9982966
2926800525
537033119
4122113838
3380002971
2916244216
407549613
5691513581
380425933
3058004248
1220489306
3356091010
4725452946
3994054636
2918984495
3832213838
3016051900
3464160377
443322382
4745242799
2395270792
3653116194
78193243
4345558436
4198981138
3091942004
4141772079
4864415965
2713359364
3163415201
466150727
3223842824
486340699
2495077769
1109464025
2940847354
2719552127
5365757191
4116812123
3300453791
4147006156
2905083726
2624304775
4213698578
4003674948
6388387979
647206635
3116123764
1505602
4713162510
3860866780
4132496605
1479105882
6182951889
1719673434
3106081950
15104239
5413797553
22826417
5388372635
500199187
5710685119
1171306613
5165592912
3063323776
3616782261
72274876
4525770157
3739998714
2515413820
38497192
3613635148
4820893661
3390944478
6139165
3745182465
483398127
3749536527
819871540
3257715186
2325130346
4022236379
169170168
3299068164
2564558456
2722999857
1469092566
6445879959
1738212879
3118178491
3410370907
3683043939
413964654
3841266929
4393332665
2467103804
4165193656
3015166268
2067812488
2459057153
480325252
2387178478
2331310960
3054678757
77159072
5084020908
3618286069
3596033999
1432094
3761426809
1881176826
2961505508
166397349
5586330141
806748867
5532420509
2133566204
2998271742
291867651
4866183441
302110924
6478494169
151920044
3053326963
873810081
6568864440
3918180064
2581647592
3917888010
3804416133
1429977309
7675047285
5480082631
4544764443
3012427759
4073930277
1201378194
5468734636
4997922911
3908058816
680226472
6214277334
6585489726
5083221339
1082872194
5779413022
658811684
3658188350
1522553176
3099947938
2502077670
2895277604
2664352254
2333722979
3796579562
4458253621
2997316726
2771578150
83611211
2771767627
1242960426
4576199885
5643602739
5766603468
1337690053
4967861259
1500310763
2399373623
2998318806
2401997167
6324621319
4230843776
7536218
3148552756
7761706326
3948634524
5065063673
3182988198
2071458364
5779827457
4494013657
2589274775
5828675673
3468901619
1843804547
2798500379
3822365088
4703474448
162223857
3507922219
2185570082
4443910520
71704585
2485442606
980973802
5502000189
2271711276
2688658387
843859509
2665765870
90933602
4637435530
1059782734
3291083925
1119785415
5769653077
766208257
4286445222
208217
4648717789
3180242686
4876129064
3188925369
2937501042
1161438441
3499985943
777423548
3693334991
386902150
2589281456
2287887854
3342637975
2880460576
4296342313
7233340
6391889867
3376196219
3040210731
2766931642
5051798101
481122609
4881107657
915057199
4905677324
1817017
2542704035
4046664294
3877150312
985981929
2708025510
4321770415
3456051034
2126582001
4219961509
1772607132
7758127599
514459754
4494415553
1694998334
4033544106
2283287311
3374278414
409109062
3034746357
1560039437
2776257105
156812860
7612018375
3057605114
2956173916
349549701
5225638010
4830478102
2272253942
832827239
2843252539
2632497735
3038959214
2942397138
5229767019
2266231636
4900083473
1551591117
3686984585
317088775
6753927151
1337199400
3790568926
3157409679
10815108971
1049999995
3146612330
345820003
4005736389
2667121104
2836051857
590765075
6744186521
25379314
3721446162
3059610520
3155887037
642015768
5112601437
81227431
2951938394
1424160629
10766414056
2294008445
2832044172
612252443
4686908980
6384899286
4899193850
6283324174
10887233326
143250672
4293745834
2601050208
2729110013
6829887733
2770858532
1168194171
3333343142
1282244047
5052842450
3067307773
4007810860
2330815492
3520003911
115814568
5281350405
166801421
2961928617
3160447886
3118365991
6831649007
2765997482
4467118159
3228768701
439109782
3775852946
745054921
4646852682
748951580
4935677682
2736463193
4506693955
9833044
5024525516
4323778328
4642401371
125502665
3647589975
903662169
4197962542
4567339229
3597202625
5557187530
5355284737
3528596528
3174950092
5360905183
7980106354
3321788252
5615096678
5923523409
3256583870
4720647283
10899406585
934011332
5792667038
6951822648
3177042960
143399925
3152869995
1343866215
3081182889
1671365621
3899407634
2167431805
4318752452
1816997976
4692822026
7464517
4354818558
3071769086
2851387720
911612363
4662425442
3469754336
5928895027
3264611302
3896763460
11027140764
4601176061
1818351134
3128449574
660252489
4375360317
5642013363
3529459218
1103290316
3350164826
228145132
3915680581
205708225
3248175347
3347371797
2654537324
483431
2546515144
3272464688
2818304471
490729486
6971550218
1129418547
3942078952
11008465308
3658771291
72371917
3682973383
3017237272
3172046394
3943634222
4984038733
6979552816
5030710368
880268742
4255226935
1003418230
3681364497
925772938
3103399502
396244588
11534571402
2434087805
11241711853
4597502806
3003226283
164066236
4583517462
5222994359
3951154785
1373335253
4026373969
389768118
3269828313
557597313
2808669805
211688385
2838071279
163395515
2898378258
7955003136
5647909895
916358388
2535404785
483910931
3498163245
113631945
2831723543
175487166
4607198090
3469175797
3080057034
162826687
5294888617
917140645
2933658913
5123293450
2834622206
12161735
8022008092
826854300
2661392077
11511792367
6685368661
3569609311
4265661162
7056800105
3033621179
2067569402
8098142587
128740942
3521017294
1658594508
4907452971
11620050283
5635224054
3081887879
4426918497
3155384654
3734750279
3415194829
6727927699
66373544
3371768398
3228165752
3469567534
40848022
3546015988
50190505
5153772585
3362223194
5401898005
1218355207
3058198729
5305733582
3794675536
2882430165
3275293352
2043425362
5630381529
1277302715
2878772428
3575593213
3532734639
2889760403
3247618922
1006423367
3615099425
1462087968
2744665542
1461666625
3536591723
4802991175
2714511729
996004568
2928247352
786209550
5698034066
8199460049
3046093671
2606755585
3174282099
5133540712
3039912959
101789068
4442623208
2085318920
2891819203
11632290027
4944050154
4692231047
3487421178
3365842320
4551195466
884414628
2951294660
1277614358
4651195814
1768413491
4303967817
178697274
3478223654
3801843506
4218497554
111427520
3118807571
1011908307
3043347467
86606901
2657191979
51566959
3680538642
5125641134
3115794911
1694296597
3898529161
6562647
11727262095
150731949
3588633140
1148196313
4660716564
1916644556
2966728930
167225794
3979553919
597665465
2598642389
1396655283
6628324965
185521908
4031272805
230996104
4169331065
63999492
6869964170
12116421454
4166064533
241628790
3132970457
383393127
8254919423
1163769713
4521422041
1806839086
3113069499
2007486145
6518126925
2138270986
8274966646
2911838856
2803020483
754439200
4725773641
4527579763
4661562673
656021500
2670637316
791336539
3699532701
4743178645
7200584129
3819812727
5807031363
4397063429
4009028504
737895743
2576233042
359896224
2641626241
541958201
5517741283
1274253762
12122049279
988489666
2730915446
927212582
3250507395
4990079665
3670011039
4943812590
3436393186
109285155
7024028382
2291994651
5224699767
122651816
3364726610
3009055825
2610822486
8329133429
3511577739
167909027
2740206339
387140215
3636423844
3940214776
7273743157
6479918806
3962532171
92610882
12219512038
11434719631
4759885507
1936074871
3259841877
2419344428
3165294707
5870067031
3816021095
823145928
2686710547
796521936
6927920885
12251645520
3047539647
173730578
12220753156
690174343
3668247389
1871036023
3514321040
2072719238
3310671110
826304692
8402070175
391367068
5115611624
4569704724
3369068994
3096686620
4237630910
44221029
4597818021
6064566382
3034166620
5525295985
3442729134
4570794279
5543659636
552972124
3970864270
159321623
7360897367
700445617
6000652362
253702339
2677553621
1450999957
2736059186
1403237530
4575629057
220128103
5557311055
1694867806
8438820646
2814606895
3953565049
128540355
3164413355
189186137
6964981225
1128994999
4701048215
1838154685
6960699282
109038356
3432675113
288541833
4800667961
2340411926
4161708854
4624617006
12297452352
3140123070
3537552969
8789253
3022564816
8463754848
2908366840
2134135528
7134960905
2719560961
2915875180
272188451
4960470237
1426429848
2859859334
83639596
4719253794
8099738
8403398541
1623326762
2725792892
3032296316
4167233706
3029043490
6242440154
2466208
3141711782
1915751530
6098630621
3114648196
4740715554
8426673540
5639988476
4987555750
2597150942
1744021483
5352697850
102269101
2578937076
5803926
7173399271
2155714763
3539231083
1119971996
2977689601
6008557789
3259420589
3232519067
5336341321
2692761156
4160305525
4699644773
3924646350
3824857777
2794223966
942519537
3335622013
3095051839
4623818147
10722628305
3303868308
1562758497
8454884324
795966379
3251610125
248498157
5914260984
2364518351
4512004248
1351937248
2739388709
932256904
4109579907
1867173359
5002907187
2997872068
3421218868
4251170577
3206856899
2268909587
4858616791
274415424
3330858650
444746598
4075591984
5203038633
2593510161
5444545
3068348721
1221637657
3594464485
4396099585
3558313650
4551187141
2763274058
4089343371
3462886592
4225551705
5382512963
304806195
3608291794
5471440115
3870245493
4087063081
12264285695
7466490980
3446530113
12172600268
7072021884
3448080353
3784799601
43692383
4873445631
366589365
6240762788
1777164368
7430836923
4245087594
4093928309
97839095
4311418717
2080049026
2781129104
393091769
3098823500
460851085
3870736740
177722509
3796666742
4424325136
4099043990
1326957010
6191090258
3976098407
3647775580
328731993
5391623995
4188629641
5314724597
7092701980
3553928828
3166845320
4553690848
145825090
5219288013
3104072990
7530890224
65506523
3871492845
37291544
5101141243
195755839
7104878658
1598622610
3065758171
100502015
4598050920
1867989023
2659274052
2964626139
3203625239
2996578
4196974080
2775815546
4597016069
2814044767
2852708868
653328098
5215071741
454752194
3972252291
1755225937
3131444810
4365852869
5402107040
1903881326
4034120904
2898103507
3238298321
1332134577
3849775830
1577565841
4768517596
2800494120
3715476234
2545705885
8667424738
2405738266
3240542451
2888887145
4341788383
1955488094
4630767046
7617453705
4663930269
4079074802
3551790525
3943400004
5478892681
4819750133
6457301181
177835799
12458927088
87011310
3414791683
23891439
4674823622
1095904006
3540059063
977665758
5167309593
8599835192
3109551880
1564578528
3923322202
4000315830
3676641573
1595092963
5477636699
2080297958
5367240582
12543286978
2924950363
1898303870
3174348800
331451
5030199279
638092007
3303409869
66616281
2925309486
2262390763
4187458274
2264701804
4371838412
2415770
12540468849
2855539314
3449687466
3314727368
3688476481
12560807438
12548504377
7121135297
3536486678
1183809107
3147735272
4053442007
4569697528
5842411802
3239482233
355639127
4345886031
7677198962
7055147957
53489844
8639308258
2361341899
5514800076
1501850697
7380537030
3044264697
